[04:19:34] [Server thread/INFO]: Starting minecraft server version 1.12.2
[04:19:34] [Server thread/INFO]: Loading properties
[04:19:34] [Server thread/WARN]: resource-pack-hash is deprecated. Please use resource-pack-sha1 instead.
[04:19:34] [Server thread/INFO]: Default game type: SURVIVAL
[04:19:34] [Server thread/INFO]: This server is running Paper version git-Paper-1620 (MC: 1.12.2) (Implementing API version 1.12.2-R0.1-SNAPSHOT)
[04:19:34] [Server thread/INFO]: Debug logging is disabled
[04:19:34] [Server thread/INFO]: Server Ping Player Sample Count: 12
[04:19:34] [Server thread/INFO]: Using 4 threads for Netty based IO
[04:19:34] [Server thread/INFO]: Generating keypair
[04:19:35] [Server thread/INFO]: Starting Minecraft server on localhost:25565
[04:19:35] [Server thread/INFO]: Using default channel type
[04:19:35] [Server thread/INFO]: Set PluginClassLoader as parallel capable
[04:19:35] [Server thread/INFO]: [LoginSecurity] Loading LoginSecurity v3.2.0
[04:19:35] [Server thread/WARN]: **** SERVER IS RUNNING IN OFFLINE/INSECURE MODE!
[04:19:35] [Server thread/WARN]: The server will make no attempt to authenticate usernames. Beware.
[04:19:35] [Server thread/WARN]: Whilst this makes it possible to use BungeeCord, unless access to your server is properly restricted, it also opens up the ability for hackers to connect with any username they choose.
[04:19:35] [Server thread/WARN]: Please see http://www.spigotmc.org/wiki/firewall-guide/ for further information.
[04:19:35] [Server thread/WARN]: To change this, set "online-mode" to "true" in the server.properties file.
[04:19:35] [Server thread/INFO]: **** Beginning UUID conversion, this may take A LONG time ****
[04:19:35] [Server thread/INFO]: Preparing level "world"
[04:19:35] [Server thread/INFO]: -------- World Settings For [world] --------
[04:19:35] [Server thread/INFO]: Mob Spawn Range: 4
[04:19:35] [Server thread/INFO]: Cactus Growth Modifier: 100%
[04:19:35] [Server thread/INFO]: Cane Growth Modifier: 100%
[04:19:35] [Server thread/INFO]: Melon Growth Modifier: 100%
[04:19:35] [Server thread/INFO]: Mushroom Growth Modifier: 100%
[04:19:35] [Server thread/INFO]: Pumpkin Growth Modifier: 100%
[04:19:35] [Server thread/INFO]: Sapling Growth Modifier: 100%
[04:19:35] [Server thread/INFO]: Wheat Growth Modifier: 100%
[04:19:35] [Server thread/INFO]: NetherWart Growth Modifier: 100%
[04:19:35] [Server thread/INFO]: Vine Growth Modifier: 100%
[04:19:35] [Server thread/INFO]: Cocoa Growth Modifier: 100%
[04:19:35] [Server thread/INFO]: Entity Activation Range: An 32 / Mo 32 / Mi 16 / Tiv true
[04:19:35] [Server thread/INFO]: Entity Tracking Range: Pl 48 / An 48 / Mo 48 / Mi 32 / Other 64
[04:19:35] [Server thread/INFO]: Hopper Transfer: 8 Hopper Check: 1 Hopper Amount: 1
[04:19:35] [Server thread/INFO]: Random Lighting Updates: false
[04:19:35] [Server thread/INFO]: Structure Info Saving: true
[04:19:35] [Server thread/INFO]: Custom Map Seeds:  Village: 10387312 Feature: 14357617 Monument: 10387313 Slime: 987234911
[04:19:35] [Server thread/INFO]: Max TNT Explosions: 100
[04:19:35] [Server thread/INFO]: Tile Max Tick Time: 50ms Entity max Tick Time: 50ms
[04:19:35] [Server thread/INFO]: Item Despawn Rate: 6000
[04:19:35] [Server thread/INFO]: Item Merge Radius: 2.5
[04:19:35] [Server thread/INFO]: View Distance: 4
[04:19:35] [Server thread/INFO]: Allow Zombie Pigmen to spawn from portal blocks: true
[04:19:35] [Server thread/INFO]: Arrow Despawn Rate: 1200
[04:19:35] [Server thread/INFO]: Experience Merge Radius: 3.0
[04:19:35] [Server thread/INFO]: Zombie Aggressive Towards Villager: true
[04:19:35] [Server thread/INFO]: Nerfing mobs spawned from spawners: false
[04:19:36] [Server thread/WARN]: Unable to find spawn biome
[04:19:37] [Server thread/INFO]: -------- World Settings For [world_nether] --------
[04:19:37] [Server thread/INFO]: Mob Spawn Range: 4
[04:19:37] [Server thread/INFO]: Cactus Growth Modifier: 100%
[04:19:37] [Server thread/INFO]: Cane Growth Modifier: 100%
[04:19:37] [Server thread/INFO]: Melon Growth Modifier: 100%
[04:19:37] [Server thread/INFO]: Mushroom Growth Modifier: 100%
[04:19:37] [Server thread/INFO]: Pumpkin Growth Modifier: 100%
[04:19:37] [Server thread/INFO]: Sapling Growth Modifier: 100%
[04:19:37] [Server thread/INFO]: Wheat Growth Modifier: 100%
[04:19:37] [Server thread/INFO]: NetherWart Growth Modifier: 100%
[04:19:37] [Server thread/INFO]: Vine Growth Modifier: 100%
[04:19:37] [Server thread/INFO]: Cocoa Growth Modifier: 100%
[04:19:37] [Server thread/INFO]: Entity Activation Range: An 32 / Mo 32 / Mi 16 / Tiv true
[04:19:37] [Server thread/INFO]: Entity Tracking Range: Pl 48 / An 48 / Mo 48 / Mi 32 / Other 64
[04:19:37] [Server thread/INFO]: Hopper Transfer: 8 Hopper Check: 1 Hopper Amount: 1
[04:19:37] [Server thread/INFO]: Random Lighting Updates: false
[04:19:37] [Server thread/INFO]: Structure Info Saving: true
[04:19:37] [Server thread/INFO]: Custom Map Seeds:  Village: 10387312 Feature: 14357617 Monument: 10387313 Slime: 987234911
[04:19:37] [Server thread/INFO]: Max TNT Explosions: 100
[04:19:37] [Server thread/INFO]: Tile Max Tick Time: 50ms Entity max Tick Time: 50ms
[04:19:37] [Server thread/INFO]: Item Despawn Rate: 6000
[04:19:37] [Server thread/INFO]: Item Merge Radius: 2.5
[04:19:37] [Server thread/INFO]: View Distance: 4
[04:19:37] [Server thread/INFO]: Allow Zombie Pigmen to spawn from portal blocks: true
[04:19:37] [Server thread/INFO]: Arrow Despawn Rate: 1200
[04:19:37] [Server thread/INFO]: Experience Merge Radius: 3.0
[04:19:37] [Server thread/INFO]: Zombie Aggressive Towards Villager: true
[04:19:37] [Server thread/INFO]: Nerfing mobs spawned from spawners: false
[04:19:37] [Server thread/INFO]: -------- World Settings For [world_the_end] --------
[04:19:37] [Server thread/INFO]: Mob Spawn Range: 4
[04:19:37] [Server thread/INFO]: Cactus Growth Modifier: 100%
[04:19:37] [Server thread/INFO]: Cane Growth Modifier: 100%
[04:19:37] [Server thread/INFO]: Melon Growth Modifier: 100%
[04:19:37] [Server thread/INFO]: Mushroom Growth Modifier: 100%
[04:19:37] [Server thread/INFO]: Pumpkin Growth Modifier: 100%
[04:19:37] [Server thread/INFO]: Sapling Growth Modifier: 100%
[04:19:37] [Server thread/INFO]: Wheat Growth Modifier: 100%
[04:19:37] [Server thread/INFO]: NetherWart Growth Modifier: 100%
[04:19:37] [Server thread/INFO]: Vine Growth Modifier: 100%
[04:19:37] [Server thread/INFO]: Cocoa Growth Modifier: 100%
[04:19:37] [Server thread/INFO]: Entity Activation Range: An 32 / Mo 32 / Mi 16 / Tiv true
[04:19:37] [Server thread/INFO]: Entity Tracking Range: Pl 48 / An 48 / Mo 48 / Mi 32 / Other 64
[04:19:37] [Server thread/INFO]: Hopper Transfer: 8 Hopper Check: 1 Hopper Amount: 1
[04:19:37] [Server thread/INFO]: Random Lighting Updates: false
[04:19:37] [Server thread/INFO]: Structure Info Saving: true
[04:19:37] [Server thread/INFO]: Custom Map Seeds:  Village: 10387312 Feature: 14357617 Monument: 10387313 Slime: 987234911
[04:19:37] [Server thread/INFO]: Max TNT Explosions: 100
[04:19:37] [Server thread/INFO]: Tile Max Tick Time: 50ms Entity max Tick Time: 50ms
[04:19:37] [Server thread/INFO]: Item Despawn Rate: 6000
[04:19:37] [Server thread/INFO]: Item Merge Radius: 2.5
[04:19:37] [Server thread/INFO]: View Distance: 4
[04:19:37] [Server thread/INFO]: Allow Zombie Pigmen to spawn from portal blocks: true
[04:19:37] [Server thread/INFO]: Arrow Despawn Rate: 1200
[04:19:37] [Server thread/INFO]: Experience Merge Radius: 3.0
[04:19:37] [Server thread/INFO]: Zombie Aggressive Towards Villager: true
[04:19:37] [Server thread/INFO]: Nerfing mobs spawned from spawners: false
[04:19:37] [Server thread/INFO]: Preparing start region for level 0 (Seed: 6504886479581047201)
[04:19:38] [Server thread/INFO]: Preparing spawn area: 3%
[04:19:39] [Server thread/INFO]: Preparing spawn area: 8%
[04:19:40] [Server thread/INFO]: Preparing start region for level 1 (Seed: 6504886479581047201)
[04:19:41] [Server thread/INFO]: Preparing spawn area: 7%
[04:19:42] [Server thread/INFO]: Preparing start region for level 2 (Seed: 6504886479581047201)
[04:19:42] [Server thread/INFO]: [LoginSecurity] Enabling LoginSecurity v3.2.0
[04:19:42] [Server thread/INFO]: [LoginSecurity] Loading base translations from "en_us"
[04:19:42] [Server thread/INFO]: [LoginSecurity] Loading specified translations from "en_us"
[04:19:43] [Server thread/INFO]: [LoginSecurity] Registering commands...
[04:19:43] [Server thread/INFO]: [LoginSecurity] Registering listeners...
[04:19:43] [Server thread/INFO]: Done (7.933s)! For help, type "help" or "?"
[04:19:43] [Server thread/INFO]: Timings Reset
[04:20:35] [Server thread/INFO]: Stopping server
[04:20:35] [Server thread/INFO]: [LoginSecurity] Disabling LoginSecurity v3.2.0
[04:20:35] [Server thread/INFO]: [LoginSecurity] Waiting for queued tasks...
[04:20:35] [Server thread/INFO]: [LoginSecurity] ExecutorService shut down, ready to disable.
[04:20:35] [Server thread/INFO]: Saving players
[04:20:35] [Server thread/INFO]: Saving worlds
[04:20:35] [Server thread/INFO]: Saving chunks for level 'world'/overworld
[04:20:35] [Server thread/INFO]: Saving chunks for level 'world_nether'/the_nether
[04:20:35] [Server thread/INFO]: Saving chunks for level 'world_the_end'/the_end
