[19:19:08] [main/INFO]: Using mbed TLS based native cipher.
[19:19:08] [main/INFO]: Using zlib based native compressor.
[19:19:08] [main/INFO]: Enabled Waterfall version git:Waterfall-Bootstrap:1.19-R0.1-SNAPSHOT:f6069e2:513
[19:19:08] [main/INFO]: Not on Windows, attempting to use enhanced EpollEventLoop
[19:19:08] [main/INFO]: Epoll is working, utilising it!
[19:19:08] [main/INFO]: Discovered module: ModuleSpec(name=cmd_alert, file=modules/cmd_alert.jar, provider=JenkinsModuleSource())
[19:19:08] [main/INFO]: Discovered module: ModuleSpec(name=cmd_find, file=modules/cmd_find.jar, provider=JenkinsModuleSource())
[19:19:08] [main/INFO]: Discovered module: ModuleSpec(name=cmd_list, file=modules/cmd_list.jar, provider=JenkinsModuleSource())
[19:19:08] [main/INFO]: Discovered module: ModuleSpec(name=cmd_send, file=modules/cmd_send.jar, provider=JenkinsModuleSource())
[19:19:08] [main/INFO]: Discovered module: ModuleSpec(name=cmd_server, file=modules/cmd_server.jar, provider=JenkinsModuleSource())
[19:19:08] [main/INFO]: Discovered module: ModuleSpec(name=reconnect_yaml, file=modules/reconnect_yaml.jar, provider=JenkinsModuleSource())
[19:19:08] [main/INFO]: Loaded plugin reconnect_yaml version git:reconnect_yaml:1.19-R0.1-SNAPSHOT:f6069e2:513 by WaterfallMC
[19:19:08] [main/INFO]: Loaded plugin cmd_find version git:cmd_find:1.19-R0.1-SNAPSHOT:f6069e2:513 by WaterfallMC
[19:19:08] [main/INFO]: Loaded plugin cmd_server version git:cmd_server:1.19-R0.1-SNAPSHOT:f6069e2:513 by WaterfallMC
[19:19:08] [main/INFO]: Loaded plugin cmd_alert version git:cmd_alert:1.19-R0.1-SNAPSHOT:f6069e2:513 by WaterfallMC
[19:19:08] [main/INFO]: Loaded plugin cmd_send version git:cmd_send:1.19-R0.1-SNAPSHOT:f6069e2:513 by WaterfallMC
[19:19:08] [main/INFO]: Loaded plugin cmd_list version git:cmd_list:1.19-R0.1-SNAPSHOT:f6069e2:513 by WaterfallMC
[19:19:08] [main/WARN]: :>:>:>:>:>:>:>:>:>:>:>:>:>:>:>:>:>:>:>:>:>:>:>
[19:19:08] [main/WARN]: :>  
[19:19:08] [main/WARN]: :>      EAGLERCRAFTXBUNGEE WARNING:
[19:19:08] [main/WARN]: :>  
[19:19:08] [main/WARN]: :>  This plugin wasn't tested to be 'working'
[19:19:08] [main/WARN]: :>  with ANY version of BungeeCord (and forks)
[19:19:08] [main/WARN]: :>  apart from the versions listed below:
[19:19:08] [main/WARN]: :>  
[19:19:08] [main/WARN]: :>  - BungeeCord: 1.20-R0.2-SNAPSHOT:231024b:1777
[19:19:08] [main/WARN]: :>  - Waterfall: 1.20-R0.2-SNAPSHOT:d85fe36:556
[19:19:08] [main/WARN]: :>  - FlameCord: 1.1.1
[19:19:08] [main/WARN]: :>  
[19:19:08] [main/WARN]: :>  This is not a Bukkit/Spigot plugin!
[19:19:08] [main/WARN]: :>  
[19:19:08] [main/WARN]: :>  Use "-Deaglerxbungee.stfu=true" to hide
[19:19:08] [main/WARN]: :>  
[19:19:08] [main/WARN]: :>:>:>:>:>:>:>:>:>:>:>:>:>:>:>:>:>:>:>:>:>:>:>
[19:19:09] [main/INFO] [EaglercraftXBungee]: Loading vanilla profile: lax1dude
[19:19:10] [Skin Download Thread #1/INFO] [EaglercraftXBungee]: Loaded vanilla profile: lax1dude
[19:19:10] [main/INFO]: Loaded plugin EaglercraftXBungee version 1.0.9 by lax1dude
[19:19:11] [main/WARN]: Could not load server icon
java.lang.IllegalArgumentException: Server icon must be exactly 64x64 pixels
	at net.md_5.bungee.api.Favicon.create(Favicon.java:65) ~[bungee.jar:git:Waterfall-Bootstrap:1.19-R0.1-SNAPSHOT:f6069e2:513]
	at net.md_5.bungee.conf.Configuration.load(Configuration.java:89) ~[bungee.jar:git:Waterfall-Bootstrap:1.19-R0.1-SNAPSHOT:f6069e2:513]
	at io.github.waterfallmc.waterfall.conf.WaterfallConfiguration.load(WaterfallConfiguration.java:67) ~[bungee.jar:git:Waterfall-Bootstrap:1.19-R0.1-SNAPSHOT:f6069e2:513]
	at net.md_5.bungee.BungeeCord.start(BungeeCord.java:288) ~[bungee.jar:git:Waterfall-Bootstrap:1.19-R0.1-SNAPSHOT:f6069e2:513]
	at net.md_5.bungee.BungeeCordLauncher.main(BungeeCordLauncher.java:67) ~[bungee.jar:git:Waterfall-Bootstrap:1.19-R0.1-SNAPSHOT:f6069e2:513]
	at net.md_5.bungee.Bootstrap.main(Bootstrap.java:15) ~[bungee.jar:git:Waterfall-Bootstrap:1.19-R0.1-SNAPSHOT:f6069e2:513]
[19:19:11] [main/WARN]: Forced host server pvp is not defined
[19:19:11] [main/INFO]: Enabled plugin reconnect_yaml version git:reconnect_yaml:1.19-R0.1-SNAPSHOT:f6069e2:513 by WaterfallMC
[19:19:11] [main/INFO]: Enabled plugin cmd_find version git:cmd_find:1.19-R0.1-SNAPSHOT:f6069e2:513 by WaterfallMC
[19:19:11] [main/INFO]: Enabled plugin cmd_server version git:cmd_server:1.19-R0.1-SNAPSHOT:f6069e2:513 by WaterfallMC
[19:19:11] [main/INFO]: Enabled plugin cmd_alert version git:cmd_alert:1.19-R0.1-SNAPSHOT:f6069e2:513 by WaterfallMC
[19:19:11] [main/INFO]: Enabled plugin cmd_send version git:cmd_send:1.19-R0.1-SNAPSHOT:f6069e2:513 by WaterfallMC
[19:19:11] [main/INFO]: Enabled plugin cmd_list version git:cmd_list:1.19-R0.1-SNAPSHOT:f6069e2:513 by WaterfallMC
[19:19:11] [main/ERROR] [EaglercraftXBungee]: Online mode is set to false! Authentication system has been disabled
[19:19:11] [Netty Worker IO Thread #0/INFO] [EaglercraftXBungee]: Eaglercraft is listening on: /0.0.0.0:8081
[19:19:12] [main/INFO] [EaglercraftXBungee]: Connected to database: jdbc:sqlite:eaglercraft_skins_cache.db
[19:19:12] [main/INFO]: Enabled plugin EaglercraftXBungee version 1.0.9 by lax1dude
[19:19:12] [Netty Boss IO Thread #0/INFO]: Listening on /127.0.0.1:25577
[19:19:31] [Netty Worker IO Thread #1/INFO] [EaglercraftXBungee]: [/[0:0:0:0:0:0:0:1%0]:36884]: Connected via websocket
[19:19:31] [Netty Worker IO Thread #1/INFO] [EaglercraftXBungee]: [/[0:0:0:0:0:0:0:1%0]:36884]: Origin header is https://eaglercraft-archive.github.io
[19:19:31] [Netty Worker IO Thread #1/INFO] [EaglercraftXBungee]: [/[0:0:0:0:0:0:0:1%0]:36884]: Logged in as 'RpPlayz_YT'
[19:19:31] [Netty Worker IO Thread #1/INFO]: [/[0:0:0:0:0:0:0:1%0]:36884|RpPlayz_YT] -> UpstreamBridge has connected
[19:19:31] [Netty Worker IO Thread #1/INFO]: [RpPlayz_YT|/[0:0:0:0:0:0:0:1%0]:36884] <-> ServerConnector [lobby] has connected
[19:19:41] [Netty Worker IO Thread #1/INFO]: [/[0:0:0:0:0:0:0:1%0]:36884|RpPlayz_YT] -> UpstreamBridge has disconnected
[19:19:41] [Netty Worker IO Thread #1/INFO]: [RpPlayz_YT] disconnected with: Proxy lost connection to server.
[19:19:41] [Netty Worker IO Thread #1/INFO]: [/[0:0:0:0:0:0:0:1%0]:36884|RpPlayz_YT] <-> DownstreamBridge <-> [lobby] has disconnected
[19:21:07] [Netty Worker IO Thread #3/INFO] [EaglercraftXBungee]: [/[0:0:0:0:0:0:0:1%0]:55774]: Connected via websocket
[19:21:07] [Netty Worker IO Thread #3/INFO] [EaglercraftXBungee]: [/[0:0:0:0:0:0:0:1%0]:55774]: Origin header is https://eaglercraft-archive.github.io
[19:21:07] [Netty Worker IO Thread #3/INFO] [EaglercraftXBungee]: [/[0:0:0:0:0:0:0:1%0]:55774]: Logged in as 'RpPlayz_YT'
[19:21:07] [Netty Worker IO Thread #3/INFO]: [/[0:0:0:0:0:0:0:1%0]:55774|RpPlayz_YT] -> UpstreamBridge has connected
[19:21:07] [Netty Worker IO Thread #3/WARN]: Error occurred processing connection for RpPlayz_YT AnnotatedConnectException : finishConnect(..) failed: Connection refused: localhost/127.0.0.1:25565
[19:21:07] [Netty Worker IO Thread #3/INFO]: [RpPlayz_YT] disconnected with: Could not connect to a default or fallback server. Incorrectly configured address/port/firewall? 
[19:21:07] [Netty Worker IO Thread #3/INFO]: [/[0:0:0:0:0:0:0:1%0]:55774|RpPlayz_YT] -> UpstreamBridge has disconnected
[19:25:58] [main/ERROR]: Exception in thread "main" java.io.IOError: java.io.IOException: Input/output error
[19:25:58] [main/ERROR]: 	at org.jline.keymap.BindingReader.readCharacter(BindingReader.java:170)
[19:25:58] [main/ERROR]: 	at org.jline.keymap.BindingReader.readBinding(BindingReader.java:110)
[19:25:58] [main/ERROR]: 	at org.jline.keymap.BindingReader.readBinding(BindingReader.java:61)
[19:25:58] [main/ERROR]: 	at org.jline.reader.impl.LineReaderImpl.doReadBinding(LineReaderImpl.java:923)
[19:25:58] [main/ERROR]: 	at org.jline.reader.impl.LineReaderImpl.readBinding(LineReaderImpl.java:956)
[19:25:58] [main/ERROR]: 	at org.jline.reader.impl.LineReaderImpl.readLine(LineReaderImpl.java:651)
[19:25:58] [main/ERROR]: 	at org.jline.reader.impl.LineReaderImpl.readLine(LineReaderImpl.java:468)
[19:25:58] [main/ERROR]: 	at net.minecrell.terminalconsole.SimpleTerminalConsole.readCommands(SimpleTerminalConsole.java:158)
[19:25:58] [main/ERROR]: 	at net.minecrell.terminalconsole.SimpleTerminalConsole.start(SimpleTerminalConsole.java:141)
[19:25:58] [main/ERROR]: 	at net.md_5.bungee.BungeeCordLauncher.main(BungeeCordLauncher.java:72)
[19:25:58] [main/ERROR]: 	at net.md_5.bungee.Bootstrap.main(Bootstrap.java:15)
[19:25:58] [main/ERROR]: Caused by: java.io.IOException: Input/output error
[19:25:58] [main/ERROR]: 	at java.base/java.io.FileInputStream.read0(Native Method)
[19:25:58] [main/ERROR]: 	at java.base/java.io.FileInputStream.read(FileInputStream.java:231)
[19:25:58] [main/ERROR]: 	at org.jline.terminal.impl.AbstractPty$PtyInputStream.read(AbstractPty.java:73)
[19:25:58] [main/ERROR]: 	at org.jline.utils.NonBlockingInputStream.read(NonBlockingInputStream.java:62)
[19:25:58] [main/ERROR]: 	at org.jline.utils.NonBlocking$NonBlockingInputStreamReader.read(NonBlocking.java:168)
[19:25:58] [main/ERROR]: 	at org.jline.utils.NonBlockingReader.read(NonBlockingReader.java:57)
[19:25:58] [main/ERROR]: 	at org.jline.keymap.BindingReader.readCharacter(BindingReader.java:160)
[19:25:58] [main/ERROR]: 	... 10 more
[19:25:58] [Thread-3/INFO]: Closing listener [id: 0x90ecc211, L:/127.0.0.1:25577]
